Chronologic VCS simulator copyright 1991-2017
Contains Synopsys proprietary information.
Compiler version M-2017.03-SP1_Full64; Runtime version M-2017.03-SP1_Full64;  Dec  5 19:50 2017
@@
@@
@@                     0  Asserting System reset......
@@
@@                     0 : System STILL at reset, can't show anything
@@
@@
@@                   100 : System STILL at reset, can't show anything
@@
@@
@@                   200 : System STILL at reset, can't show anything
@@
@@
@@                   300 : System STILL at reset, can't show anything
@@
@@                   360  Deasserting System reset......
@@
@@
@@@ Unified Memory contents hex on left, decimal on right: 
@@@
@@@ mem[    0] = 21ff000023df7ff0 : 2449676722914689008
@@@ mem[    8] = 239f180023bf2000 : 2566796701503266816
@@@ mem[   16] = b7fcff004b80773c : 13257751779803690812
@@@ mem[   24] = b7fcff10b7fcff08 : 13257751850343268104
@@@ mem[   32] = b7fcff20b7fcff18 : 13257751919062744856
@@@ mem[   40] = b7fcff30b7fcff28 : 13257751987782221608
@@@ mem[   48] = b7fcff40b7fcff38 : 13257752056501698360
@@@ mem[   56] = b7fcff50b7fcff48 : 13257752125221175112
@@@ mem[   64] = b7fcff60b7fcff58 : 13257752193940651864
@@@ mem[   72] = b7fcff70b7fcff68 : 13257752262660128616
@@@ mem[   80] = b7fcff80b7fcff78 : 13257752331379605368
@@@ mem[   88] = b7fcff90b7fcff88 : 13257752400099082120
@@@ mem[   96] = b7fcffa0b7fcff98 : 13257752468818558872
@@@ mem[  104] = b7fcffb0b7fcffa8 : 13257752537538035624
@@@ mem[  112] = b7fcffc0b7fcffb8 : 13257752606257512376
@@@ mem[  120] = b7fcffd0b7fcffc8 : 13257752674976989128
@@@ mem[  128] = b7fcffe0b7fcffd8 : 13257752743696465880
@@@ mem[  136] = b7fcfff0b7fcffe8 : 13257752812415942632
@@@ mem[  144] = d3400001b7fcfff8 : 15222166747894054904
@@@ mem[  152] = 43c2153e00000555 : 4882488302055195989
@@@ mem[  160] = b75e0008b5fe0010 : 13212998394164674576
@@@ mem[  168] = 43c6153e43c2140f : 4883614203098829839
@@@ mem[  176] = b46fffe8207ffffb : 13001892021684666363
@@@ mem[  184] = 403f09a3a42fffe8 : 4629429540399087592
@@@ mem[  192] = a42fffe0b46fffe0 : 11830956086690578400
@@@ mem[  200] = 000decafe0200002 : 3919414820864002
@@@ mem[  208] = a42fffe800000555 : 11830956118023079253
@@@ mem[  216] = b46fffd840203403 : 13001891953495782403
@@@ mem[  224] = a42fffd843c1153e : 11830956050440328510
@@@ mem[  232] = d3400013b43e0008 : 15222166825140617224
@@@ mem[  240] = b46fffd047e00403 : 13001891919266055171
@@@ mem[  248] = a42fffe843c1141e : 11830956119159804958
@@@ mem[  256] = b4230000a46fffd0 : 12980218553770704848
@@@ mem[  264] = 40211403a42fffd0 : 4620996698530906064
@@@ mem[  272] = a46fffc8b46fffc8 : 11848970382120845256
@@@ mem[  280] = 47ef041eb46ffff0 : 5183366226049499120
@@@ mem[  288] = a5ef0000a74ffff8 : 11956775538498994168
@@@ mem[  296] = 47ef041e6bfa8001 : 5183366224833839105
@@@ mem[  304] = a5ef0000a74ffff8 : 11956775538498994168
@@@ mem[  312] = a61e00086bfa8001 : 11970004895768674305
@@@ mem[  320] = 4384053b209f0100 : 4865019248975479040
@@@ mem[  328] = 4b60773847f00401 : 5431472234217604097
@@@ mem[  336] = 437c03a347ff0419 : 4862765697475740697
@@@ mem[  344] = a45b0000e0600048 : 11843059648865239112
@@@ mem[  352] = f060000b402813a3 : 17320844215187936163
@@@ mem[  360] = 209fffffe8400007 : 2350879005088940039
@@@ mem[  368] = e460000b44440003 : 16456153086801739779
@@@ mem[  376] = 4300341848803724 : 4827916079441393444
@@@ mem[  384] = f73ffffa4707f019 : 17816240101299580953
@@@ mem[  392] = 4b60773b4b00d69b : 5431472247153940123
@@@ mem[  400] = 209f0001c3fffff0 : 2350597538093989872
@@@ mem[  408] = 4080352448810724 : 4647773245397862180
@@@ mem[  416] = 40281521c3fffff3 : 4622968252262252531
@@@ mem[  424] = fc20000340390401 : 18167520910774961153
@@@ mem[  432] = b45b000044440402 : 12995981150853006338
@@@ mem[  440] = 4b00d69bc3e0002b : 5404555517339107371
@@@ mem[  448] = 402813a34b60773b : 4622966609561024315
@@@ mem[  456] = 4361141bf0600007 : 4855183983511601159
@@@ mem[  464] = e0600029437c03a3 : 16167922839485940643
@@@ mem[  472] = f45fffdaa45b0000 : 17609074382567309312
@@@ mem[  480] = c3fffff740281521 : 14123288393855538465
@@@ mem[  488] = 4361141be420000c : 4855183983306080268
@@@ mem[  496] = e0600021437c03a3 : 16167922805126202275
@@@ mem[  504] = 209f0001a45b0000 : 2350597537563082752
@@@ mem[  512] = 4080352448810724 : 4647773245397862180
@@@ mem[  520] = f47fffce44440003 : 17618081528670322691
@@@ mem[  528] = b45b000044440402 : 12995981150853006338
@@@ mem[  536] = 4b00d69b42010530 : 5404555515160233264
@@@ mem[  544] = a45b00004b60773b : 11843059646365464379
@@@ mem[  552] = 48990724209fffff : 5231220293915115519
@@@ mem[  560] = b45b000044440402 : 12995981150853006338
@@@ mem[  568] = 4219041042081530 : 4762842548794823984
@@@ mem[  576] = 420813a3209fffff : 4758074597664882687
@@@ mem[  584] = 4361141bf0600004 : 4855183983511601156
@@@ mem[  592] = 42081530b49b0000 : 4758076305249599488
@@@ mem[  600] = e6000002c3fffffa : 16573246640601694202
@@@ mem[  608] = 00000555000decaf : 5862631271599
@@@ mem[  616] = 4801b720201f002f : 5188629594313261103
@@@ mem[  624] = 4800772043000520 : 5188277751177544992
@@@ mem[  632] = 000decaf6bfa8001 : 3919412872249345
@@@ mem[  640] = 0000000000000555 : 1365
@@@
@@@ mem[32720] = 0000000000000001 : 1
@@@ mem[32728] = fffffffffffffffb : 18446744073709551611
@@@
@@@ mem[32744] = 0000000000000098 : 152
@@@
@@@
@@                  9720 : System halted
@@
@@@ System halted on illegal instruction
@@@
@@
@@  94 cycles / 50 instrs = 1.880000 CPI
@@
@@  2790.00 ns total time to execute
@@

$finish called from file "testbench/testbench.v", line 257.
$finish at simulation time                10720
           V C S   S i m u l a t i o n   R e p o r t 
Time: 1072000 ps
CPU Time:      0.230 seconds;       Data structure size:   0.2Mb
Tue Dec  5 19:50:54 2017
