Chronologic VCS simulator copyright 1991-2017
Contains Synopsys proprietary information.
Compiler version M-2017.03-SP1_Full64; Runtime version M-2017.03-SP1_Full64;  Dec  5 19:50 2017
@@
@@
@@                     0  Asserting System reset......
@@
@@                     0 : System STILL at reset, can't show anything
@@
@@
@@                   100 : System STILL at reset, can't show anything
@@
@@
@@                   200 : System STILL at reset, can't show anything
@@
@@
@@                   300 : System STILL at reset, can't show anything
@@
@@                   360  Deasserting System reset......
@@
@@
@@@ Unified Memory contents hex on left, decimal on right: 
@@@
@@@ mem[    0] = 21ff000023df7ff0 : 2449676722914689008
@@@ mem[    8] = 239f180023bf2000 : 2566796701503266816
@@@ mem[   16] = b7fcff004b80773c : 13257751779803690812
@@@ mem[   24] = b7fcff10b7fcff08 : 13257751850343268104
@@@ mem[   32] = b7fcff20b7fcff18 : 13257751919062744856
@@@ mem[   40] = b7fcff30b7fcff28 : 13257751987782221608
@@@ mem[   48] = b7fcff40b7fcff38 : 13257752056501698360
@@@ mem[   56] = b7fcff50b7fcff48 : 13257752125221175112
@@@ mem[   64] = b7fcff60b7fcff58 : 13257752193940651864
@@@ mem[   72] = b7fcff70b7fcff68 : 13257752262660128616
@@@ mem[   80] = b7fcff80b7fcff78 : 13257752331379605368
@@@ mem[   88] = b7fcff90b7fcff88 : 13257752400099082120
@@@ mem[   96] = b7fcffa0b7fcff98 : 13257752468818558872
@@@ mem[  104] = b7fcffb0b7fcffa8 : 13257752537538035624
@@@ mem[  112] = b7fcffc0b7fcffb8 : 13257752606257512376
@@@ mem[  120] = b7fcffd0b7fcffc8 : 13257752674976989128
@@@ mem[  128] = b7fcffe0b7fcffd8 : 13257752743696465880
@@@ mem[  136] = b7fcfff0b7fcffe8 : 13257752812415942632
@@@ mem[  144] = d3400001b7fcfff8 : 15222166747894054904
@@@ mem[  152] = 43c2153e00000555 : 4882488302055195989
@@@ mem[  160] = b75e0008b5fe0010 : 13212998394164674576
@@@ mem[  168] = 43d3153e43c2140f : 4887273377796068367
@@@ mem[  176] = b46fffd8207f000a : 13001891952965124106
@@@ mem[  184] = 403f09a3a42fffd8 : 4629429540399087576
@@@ mem[  192] = a42fffd0b46fffd0 : 11830956017971101648
@@@ mem[  200] = 000decafe0200002 : 3919414820864002
@@@ mem[  208] = a42fffd800000555 : 11830956049303602517
@@@ mem[  216] = b46fffc840203403 : 13001891884776305667
@@@ mem[  224] = a42fffc843c1153e : 11830955981720851774
@@@ mem[  232] = d3400040b43e0008 : 15222167018414145544
@@@ mem[  240] = b46fffc047e00403 : 13001891850546578435
@@@ mem[  248] = a42fffd843c1141e : 11830956050440328222
@@@ mem[  256] = b4230000a46fffc0 : 12980218553770704832
@@@ mem[  264] = 40211403a42fffc0 : 4620996698530906048
@@@ mem[  272] = a46fffb8b46fffb8 : 11848970313401368504
@@@ mem[  280] = 207f0000b46ffff0 : 2341590334283186160
@@@ mem[  288] = a46fffb0b46fffb0 : 11848970279041630128
@@@ mem[  296] = 207f000ab46fffe8 : 2341590377232859112
@@@ mem[  304] = a42fffe8b46fffa8 : 11830956121050316712
@@@ mem[  312] = 40220da3a44fffa8 : 4621271164123086760
@@@ mem[  320] = a42fffa0b46fffa0 : 11830955811812671392
@@@ mem[  328] = a42fffe8e0200025 : 11830956121783271461
@@@ mem[  336] = b46fff98403f09a3 : 13001891678619896227
@@@ mem[  344] = a461fff8a42ffff0 : 11845029938332696560
@@@ mem[  352] = a42fff90b46fff90 : 11830955743093194640
@@@ mem[  360] = 40220da3a44fffe8 : 4621271164123086824
@@@ mem[  368] = a42fff98b46fff88 : 11830955777452933000
@@@ mem[  376] = 44220403a44fff88 : 4909490957475381128
@@@ mem[  384] = a42fff80b46fff80 : 11830955674373717888
@@@ mem[  392] = 000decafe0200002 : 3919414820864002
@@@ mem[  400] = a42fffe800000555 : 11830956118023079253
@@@ mem[  408] = b46fff7848207723 : 13001891541313156899
@@@ mem[  416] = a44fff78a42ffff0 : 11839962838996090864
@@@ mem[  424] = b46fff7040220403 : 13001891506819302403
@@@ mem[  432] = a46fff70a42fffe8 : 11848970003891093480
@@@ mem[  440] = 207f0001b4230000 : 2341590338573107200
@@@ mem[  448] = a42fffe8b46fff68 : 11830956121050316648
@@@ mem[  456] = 40220403a44fff68 : 4621260581323669352
@@@ mem[  464] = a46fff60b46fff60 : 11848969935444246368
@@@ mem[  472] = c3ffffd3b46fffe8 : 14123288241187586024
@@@ mem[  480] = a74ffff847ef041e : 12056136169317925918
@@@ mem[  488] = 6bfa8001a5ef0000 : 7780672050803179520
@@@ mem[  496] = 209f0100a61e0008 : 2350598632809299976
@@@ mem[  504] = 47f004014384053b : 5183647574577644859
@@@ mem[  512] = 47ff04194b607738 : 5187869802439407416
@@@ mem[  520] = e0600048437c03a3 : 16167922972629926819
@@@ mem[  528] = 402813a3a45b0000 : 4622966611053838336
@@@ mem[  536] = e8400007f060000b : 16735376249406357515
@@@ mem[  544] = 44440003209fffff : 4919056706427682815
@@@ mem[  552] = 48803724e460000b : 5224236199339622411
@@@ mem[  560] = 4707f01943003418 : 5118323492818793496
@@@ mem[  568] = 4b00d69bf73ffffa : 5404555518201036794
@@@ mem[  576] = c3fffff04b60773b : 14123288363979011899
@@@ mem[  584] = 48810724209f0001 : 5224464894473994241
@@@ mem[  592] = c3fffff340803524 : 14123288376681444644
@@@ mem[  600] = 4039040140281521 : 4627734495517742369
@@@ mem[  608] = 44440402fc200003 : 4919061103861825539
@@@ mem[  616] = c3e0002bb45b0000 : 14114281419888590848
@@@ mem[  624] = 4b60773b4b00d69b : 5431472247153940123
@@@ mem[  632] = f0600007402813a3 : 17320844198008066979
@@@ mem[  640] = 437c03a34361141b : 4862765697398281243
@@@ mem[  648] = a45b0000e0600029 : 11843059648865239081
@@@ mem[  656] = 40281521f45fffda : 4622968253073850330
@@@ mem[  664] = e420000cc3fffff7 : 16438138694730252279
@@@ mem[  672] = 437c03a34361141b : 4862765697398281243
@@@ mem[  680] = a45b0000e0600021 : 11843059648865239073
@@@ mem[  688] = 48810724209f0001 : 5224464894473994241
@@@ mem[  696] = 4444000340803524 : 4919056706962470180
@@@ mem[  704] = 44440402f47fffce : 4919061103733899214
@@@ mem[  712] = 42010530b45b0000 : 4756088388222386176
@@@ mem[  720] = 4b60773b4b00d69b : 5431472247153940123
@@@ mem[  728] = 209fffffa45b0000 : 2350879003949858816
@@@ mem[  736] = 4444040248990724 : 4919061100849858340
@@@ mem[  744] = 42081530b45b0000 : 4758076305245405184
@@@ mem[  752] = 209fffff42190410 : 2350879002301367312
@@@ mem[  760] = f0600004420813a3 : 17320844185154622371
@@@ mem[  768] = b49b00004361141b : 13013995549347615771
@@@ mem[  776] = c3fffffa42081530 : 14123288406771897648
@@@ mem[  784] = 000decafe6000002 : 3919414919430146
@@@ mem[  792] = 201f002f00000555 : 2314568935355188565
@@@ mem[  800] = 430005204801b720 : 4827864436746336032
@@@ mem[  808] = 6bfa800148007720 : 7780672049227265824
@@@ mem[  816] = 00000555000decaf : 5862631271599
@@@
@@@ mem[32584] = 000000000000000b : 11
@@@ mem[32592] = 000000000000000a : 10
@@@ mem[32600] = 0000000000000001 : 1
@@@ mem[32608] = 000000000000c050 : 49232
@@@ mem[32616] = 0000000000000048 : 72
@@@ mem[32624] = 0000000000000001 : 1
@@@ mem[32632] = 0000000000000001 : 1
@@@ mem[32640] = 000000000000000a : 10
@@@
@@@ mem[32656] = 0000000000000001 : 1
@@@ mem[32664] = 000000000000000a : 10
@@@
@@@ mem[32680] = 000000000000c008 : 49160
@@@ mem[32688] = 000000000000c000 : 49152
@@@ mem[32696] = 000000000000000b : 11
@@@
@@@ mem[32712] = 000000000000000a : 10
@@@
@@@ mem[32728] = 000000000000000a : 10
@@@ mem[32736] = 000000000000c008 : 49160
@@@ mem[32744] = 0000000000000098 : 152
@@@
@@@ mem[48896] = 00000000000007ff : 2047
@@@
@@@ mem[49152] = 000000000000000a : 10
@@@
@@@ mem[49168] = 0000000000000001 : 1
@@@ mem[49176] = 0000000000000002 : 2
@@@ mem[49184] = 0000000000000003 : 3
@@@ mem[49192] = 0000000000000004 : 4
@@@ mem[49200] = 0000000000000005 : 5
@@@ mem[49208] = 0000000000000006 : 6
@@@ mem[49216] = 0000000000000007 : 7
@@@ mem[49224] = 0000000000000008 : 8
@@@ mem[49232] = 0000000000000009 : 9
@@@
@@@
@@                107120 : System halted
@@
@@@ System halted on illegal instruction
@@@
@@
@@  1068 cycles / 554 instrs = 1.927798 CPI
@@
@@  32010.00 ns total time to execute
@@

$finish called from file "testbench/testbench.v", line 257.
$finish at simulation time               108120
           V C S   S i m u l a t i o n   R e p o r t 
Time: 10812000 ps
CPU Time:      0.240 seconds;       Data structure size:   0.2Mb
Tue Dec  5 19:50:54 2017
