Chronologic VCS simulator copyright 1991-2017
Contains Synopsys proprietary information.
Compiler version M-2017.03-SP1_Full64; Runtime version M-2017.03-SP1_Full64;  Dec  5 19:50 2017
@@
@@
@@                     0  Asserting System reset......
@@
@@                     0 : System STILL at reset, can't show anything
@@
@@
@@                   100 : System STILL at reset, can't show anything
@@
@@
@@                   200 : System STILL at reset, can't show anything
@@
@@
@@                   300 : System STILL at reset, can't show anything
@@
@@                   360  Deasserting System reset......
@@
@@
@@@ Unified Memory contents hex on left, decimal on right: 
@@@
@@@ mem[    0] = 21ff000023df7ff0 : 2449676722914689008
@@@ mem[    8] = 239f180023bf2000 : 2566796701503266816
@@@ mem[   16] = b7fcff004b80773c : 13257751779803690812
@@@ mem[   24] = b7fcff10b7fcff08 : 13257751850343268104
@@@ mem[   32] = b7fcff20b7fcff18 : 13257751919062744856
@@@ mem[   40] = b7fcff30b7fcff28 : 13257751987782221608
@@@ mem[   48] = b7fcff40b7fcff38 : 13257752056501698360
@@@ mem[   56] = b7fcff50b7fcff48 : 13257752125221175112
@@@ mem[   64] = b7fcff60b7fcff58 : 13257752193940651864
@@@ mem[   72] = b7fcff70b7fcff68 : 13257752262660128616
@@@ mem[   80] = b7fcff80b7fcff78 : 13257752331379605368
@@@ mem[   88] = b7fcff90b7fcff88 : 13257752400099082120
@@@ mem[   96] = b7fcffa0b7fcff98 : 13257752468818558872
@@@ mem[  104] = b7fcffb0b7fcffa8 : 13257752537538035624
@@@ mem[  112] = b7fcffc0b7fcffb8 : 13257752606257512376
@@@ mem[  120] = b7fcffd0b7fcffc8 : 13257752674976989128
@@@ mem[  128] = b7fcffe0b7fcffd8 : 13257752743696465880
@@@ mem[  136] = b7fcfff0b7fcffe8 : 13257752812415942632
@@@ mem[  144] = d3400031b7fcfff8 : 15222166954052485112
@@@ mem[  152] = 43c2153e00000555 : 4882488302055195989
@@@ mem[  160] = b75e0008b5fe0010 : 13212998394164674576
@@@ mem[  168] = 43c7153e43c2140f : 4883895678075540495
@@@ mem[  176] = b46ffff0207f0002 : 13001892056044339202
@@@ mem[  184] = a44ffff0a42f0008 : 11839963354392100872
@@@ mem[  192] = b46fffe8402209a3 : 13001892022215379363
@@@ mem[  200] = e0200008a42fffe8 : 16149908300864946152
@@@ mem[  208] = b46fffe0207f0001 : 13001891987324862465
@@@ mem[  216] = 47e30400a46fffe0 : 5179988397211516896
@@@ mem[  224] = a74ffff847ef041e : 12056136169317925918
@@@ mem[  232] = 6bfa8001a5ef0000 : 7780672050803179520
@@@ mem[  240] = b46fffd8207f0001 : 13001891952965124097
@@@ mem[  248] = a44fffd8a42f0008 : 11839963251312885768
@@@ mem[  256] = b46fffd040220523 : 13001891919136163107
@@@ mem[  264] = a42fffd043c1153e : 11830956016080590142
@@@ mem[  272] = d35fffe1b43e0008 : 15231173809646993416
@@@ mem[  280] = b46fffc847e00403 : 13001891884906316803
@@@ mem[  288] = a42f000843c1141e : 11830674781622047774
@@@ mem[  296] = 4c220403a44fffc8 : 5485951709778804680
@@@ mem[  304] = a46fffc0b46fffc0 : 11848970347761106880
@@@ mem[  312] = 47ef041e47e30400 : 5183366224228320256
@@@ mem[  320] = a5ef0000a74ffff8 : 11956775538498994168
@@@ mem[  328] = 47ef041e6bfa8001 : 5183366224833839105
@@@ mem[  336] = a5ef0000a74ffff8 : 11956775538498994168
@@@ mem[  344] = 43c2153e6bfa8001 : 4882488303866773505
@@@ mem[  352] = b75e0008b5fe0010 : 13212998394164674576
@@@ mem[  360] = 43d2153e43c2140f : 4886991902819357711
@@@ mem[  368] = b46fffe8207f000f : 13001892021684600847
@@@ mem[  376] = 403f09a3a42fffe8 : 4629429540399087592
@@@ mem[  384] = a42fffe0b46fffe0 : 11830956086690578400
@@@ mem[  392] = 000decafe0200002 : 3919414820864002
@@@ mem[  400] = a42fffe800000555 : 11830956118023079253
@@@ mem[  408] = b46fffd840203403 : 13001891953495782403
@@@ mem[  416] = a42fffd843c1153e : 11830956050440328510
@@@ mem[  424] = d3400047b43e0008 : 15222167048478916616
@@@ mem[  432] = b46fffd047e00403 : 13001891919266055171
@@@ mem[  440] = a42fffe843c1141e : 11830956119159804958
@@@ mem[  448] = b4230000a46fffd0 : 12980218553770704848
@@@ mem[  456] = 40211403a42fffd0 : 4620996698530906064
@@@ mem[  464] = a46fffc8b46fffc8 : 11848970382120845256
@@@ mem[  472] = 207f0001b47d0000 : 2341590338579005440
@@@ mem[  480] = a46fffc0b46fffc0 : 11848970347761106880
@@@ mem[  488] = 207f000fb46ffff0 : 2341590398707695600
@@@ mem[  496] = a42ffff0b46fffb8 : 11830956155410055096
@@@ mem[  504] = 40220da3a44fffb8 : 4621271164123086776
@@@ mem[  512] = a42fffb0b46fffb0 : 11830955880532148144
@@@ mem[  520] = 207f0001e020002c : 2341590339311108140
@@@ mem[  528] = a42ffff0b46fffa8 : 11830956155410055080
@@@ mem[  536] = 40220523a44fffa8 : 4621261818274250664
@@@ mem[  544] = a43d0000b46fffa0 : 11834615398826770336
@@@ mem[  552] = b46fff98a461fff8 : 13001891680299909112
@@@ mem[  560] = a44fffa0a42fff98 : 11839963010794782616
@@@ mem[  568] = b46fff90402207a3 : 13001891644258256803
@@@ mem[  576] = e0200002a42fff90 : 16149908275095142288
@@@ mem[  584] = 00000555000decaf : 5862631271599
@@@ mem[  592] = 48207723a42fffa0 : 5197284964947722144
@@@ mem[  600] = a43d0000b46fff88 : 11834615398826770312
@@@ mem[  608] = 40220403a44fff88 : 4621260581323669384
@@@ mem[  616] = 207f0001b46fff80 : 2341590338578153344
@@@ mem[  624] = a42ffff0b46fff78 : 11830956155410055032
@@@ mem[  632] = 40220523a44fff78 : 4621261818274250616
@@@ mem[  640] = 43c1153eb46fff70 : 4882206830105722736
@@@ mem[  648] = b43e0008a42fff70 : 12987818412497436528
@@@ mem[  656] = 47e00403d35fff82 : 5179143985953767298
@@@ mem[  664] = 43c1141eb46fff68 : 4882205593155141480
@@@ mem[  672] = a46fff80a42fff68 : 11848970072610570088
@@@ mem[  680] = a46ffff0b4230000 : 11848970553914490880
@@@ mem[  688] = b46ffff040603403 : 13001892056579191811
@@@ mem[  696] = 47ef041ec3ffffcc : 5183366226310594508
@@@ mem[  704] = a5ef0000a74ffff8 : 11956775538498994168
@@@ mem[  712] = a61e00086bfa8001 : 11970004895768674305
@@@ mem[  720] = 4384053b209f0100 : 4865019248975479040
@@@ mem[  728] = 4b60773847f00401 : 5431472234217604097
@@@ mem[  736] = 437c03a347ff0419 : 4862765697475740697
@@@ mem[  744] = a45b0000e0600048 : 11843059648865239112
@@@ mem[  752] = f060000b402813a3 : 17320844215187936163
@@@ mem[  760] = 209fffffe8400007 : 2350879005088940039
@@@ mem[  768] = e460000b44440003 : 16456153086801739779
@@@ mem[  776] = 4300341848803724 : 4827916079441393444
@@@ mem[  784] = f73ffffa4707f019 : 17816240101299580953
@@@ mem[  792] = 4b60773b4b00d69b : 5431472247153940123
@@@ mem[  800] = 209f0001c3fffff0 : 2350597538093989872
@@@ mem[  808] = 4080352448810724 : 4647773245397862180
@@@ mem[  816] = 40281521c3fffff3 : 4622968252262252531
@@@ mem[  824] = fc20000340390401 : 18167520910774961153
@@@ mem[  832] = b45b000044440402 : 12995981150853006338
@@@ mem[  840] = 4b00d69bc3e0002b : 5404555517339107371
@@@ mem[  848] = 402813a34b60773b : 4622966609561024315
@@@ mem[  856] = 4361141bf0600007 : 4855183983511601159
@@@ mem[  864] = e0600029437c03a3 : 16167922839485940643
@@@ mem[  872] = f45fffdaa45b0000 : 17609074382567309312
@@@ mem[  880] = c3fffff740281521 : 14123288393855538465
@@@ mem[  888] = 4361141be420000c : 4855183983306080268
@@@ mem[  896] = e0600021437c03a3 : 16167922805126202275
@@@ mem[  904] = 209f0001a45b0000 : 2350597537563082752
@@@ mem[  912] = 4080352448810724 : 4647773245397862180
@@@ mem[  920] = f47fffce44440003 : 17618081528670322691
@@@ mem[  928] = b45b000044440402 : 12995981150853006338
@@@ mem[  936] = 4b00d69b42010530 : 5404555515160233264
@@@ mem[  944] = a45b00004b60773b : 11843059646365464379
@@@ mem[  952] = 48990724209fffff : 5231220293915115519
@@@ mem[  960] = b45b000044440402 : 12995981150853006338
@@@ mem[  968] = 4219041042081530 : 4762842548794823984
@@@ mem[  976] = 420813a3209fffff : 4758074597664882687
@@@ mem[  984] = 4361141bf0600004 : 4855183983511601156
@@@ mem[  992] = 42081530b49b0000 : 4758076305249599488
@@@ mem[ 1000] = e6000002c3fffffa : 16573246640601694202
@@@ mem[ 1008] = 00000555000decaf : 5862631271599
@@@ mem[ 1016] = 4801b720201f002f : 5188629594313261103
@@@ mem[ 1024] = 4800772043000520 : 5188277751177544992
@@@ mem[ 1032] = 000decaf6bfa8001 : 3919412872249345
@@@ mem[ 1040] = 0000000000000555 : 1365
@@@
@@@ mem[ 8192] = 000000000000c008 : 49160
@@@
@@@ mem[31512] = 0000000000000001 : 1
@@@ mem[31520] = 0000000000000001 : 1
@@@ mem[31528] = 0000000000000002 : 2
@@@ mem[31536] = 0000000000000118 : 280
@@@ mem[31544] = 0000000000007b88 : 31624
@@@ mem[31552] = 0000000000000001 : 1
@@@ mem[31560] = 0000000000000002 : 2
@@@ mem[31568] = 0000000000000001 : 1
@@@ mem[31576] = 0000000000000001 : 1
@@@ mem[31584] = 0000000000000001 : 1
@@@ mem[31592] = 0000000000000001 : 1
@@@
@@@ mem[31608] = 0000000000000002 : 2
@@@ mem[31616] = 0000000000000118 : 280
@@@ mem[31624] = 0000000000007bd8 : 31704
@@@ mem[31632] = 0000000000000002 : 2
@@@ mem[31640] = 0000000000000006 : 6
@@@ mem[31648] = 0000000000000002 : 2
@@@ mem[31656] = 0000000000000002 : 2
@@@ mem[31664] = 0000000000000001 : 1
@@@ mem[31672] = 0000000000000001 : 1
@@@
@@@ mem[31688] = 0000000000000002 : 2
@@@ mem[31696] = 0000000000000118 : 280
@@@ mem[31704] = 0000000000007c28 : 31784
@@@ mem[31712] = 0000000000000003 : 3
@@@ mem[31720] = 0000000000000018 : 24
@@@ mem[31728] = 0000000000000006 : 6
@@@ mem[31736] = 0000000000000003 : 3
@@@ mem[31744] = 0000000000000001 : 1
@@@ mem[31752] = 0000000000000001 : 1
@@@
@@@ mem[31768] = 0000000000000002 : 2
@@@ mem[31776] = 0000000000000118 : 280
@@@ mem[31784] = 0000000000007c78 : 31864
@@@ mem[31792] = 0000000000000004 : 4
@@@ mem[31800] = 0000000000000078 : 120
@@@ mem[31808] = 0000000000000018 : 24
@@@ mem[31816] = 0000000000000004 : 4
@@@ mem[31824] = 0000000000000001 : 1
@@@ mem[31832] = 0000000000000001 : 1
@@@
@@@ mem[31848] = 0000000000000002 : 2
@@@ mem[31856] = 0000000000000118 : 280
@@@ mem[31864] = 0000000000007cc8 : 31944
@@@ mem[31872] = 0000000000000005 : 5
@@@ mem[31880] = 00000000000002d0 : 720
@@@ mem[31888] = 0000000000000078 : 120
@@@ mem[31896] = 0000000000000005 : 5
@@@ mem[31904] = 0000000000000001 : 1
@@@ mem[31912] = 0000000000000001 : 1
@@@
@@@ mem[31928] = 0000000000000002 : 2
@@@ mem[31936] = 0000000000000118 : 280
@@@ mem[31944] = 0000000000007d18 : 32024
@@@ mem[31952] = 0000000000000006 : 6
@@@ mem[31960] = 00000000000013b0 : 5040
@@@ mem[31968] = 00000000000002d0 : 720
@@@ mem[31976] = 0000000000000006 : 6
@@@ mem[31984] = 0000000000000001 : 1
@@@ mem[31992] = 0000000000000001 : 1
@@@
@@@ mem[32008] = 0000000000000002 : 2
@@@ mem[32016] = 0000000000000118 : 280
@@@ mem[32024] = 0000000000007d68 : 32104
@@@ mem[32032] = 0000000000000007 : 7
@@@ mem[32040] = 0000000000009d80 : 40320
@@@ mem[32048] = 00000000000013b0 : 5040
@@@ mem[32056] = 0000000000000007 : 7
@@@ mem[32064] = 0000000000000001 : 1
@@@ mem[32072] = 0000000000000001 : 1
@@@
@@@ mem[32088] = 0000000000000002 : 2
@@@ mem[32096] = 0000000000000118 : 280
@@@ mem[32104] = 0000000000007db8 : 32184
@@@ mem[32112] = 0000000000000008 : 8
@@@ mem[32120] = 0000000000058980 : 362880
@@@ mem[32128] = 0000000000009d80 : 40320
@@@ mem[32136] = 0000000000000008 : 8
@@@ mem[32144] = 0000000000000001 : 1
@@@ mem[32152] = 0000000000000001 : 1
@@@
@@@ mem[32168] = 0000000000000002 : 2
@@@ mem[32176] = 0000000000000118 : 280
@@@ mem[32184] = 0000000000007e08 : 32264
@@@ mem[32192] = 0000000000000009 : 9
@@@ mem[32200] = 0000000000375f00 : 3628800
@@@ mem[32208] = 0000000000058980 : 362880
@@@ mem[32216] = 0000000000000009 : 9
@@@ mem[32224] = 0000000000000001 : 1
@@@ mem[32232] = 0000000000000001 : 1
@@@
@@@ mem[32248] = 0000000000000002 : 2
@@@ mem[32256] = 0000000000000118 : 280
@@@ mem[32264] = 0000000000007e58 : 32344
@@@ mem[32272] = 000000000000000a : 10
@@@ mem[32280] = 0000000002611500 : 39916800
@@@ mem[32288] = 0000000000375f00 : 3628800
@@@ mem[32296] = 000000000000000a : 10
@@@ mem[32304] = 0000000000000001 : 1
@@@ mem[32312] = 0000000000000001 : 1
@@@
@@@ mem[32328] = 0000000000000002 : 2
@@@ mem[32336] = 0000000000000118 : 280
@@@ mem[32344] = 0000000000007ea8 : 32424
@@@ mem[32352] = 000000000000000b : 11
@@@ mem[32360] = 000000001c8cfc00 : 479001600
@@@ mem[32368] = 0000000002611500 : 39916800
@@@ mem[32376] = 000000000000000b : 11
@@@ mem[32384] = 0000000000000001 : 1
@@@ mem[32392] = 0000000000000001 : 1
@@@
@@@ mem[32408] = 0000000000000002 : 2
@@@ mem[32416] = 0000000000000118 : 280
@@@ mem[32424] = 0000000000007ef8 : 32504
@@@ mem[32432] = 000000000000000c : 12
@@@ mem[32440] = 000000017328cc00 : 6227020800
@@@ mem[32448] = 000000001c8cfc00 : 479001600
@@@ mem[32456] = 000000000000000c : 12
@@@ mem[32464] = 0000000000000001 : 1
@@@ mem[32472] = 0000000000000001 : 1
@@@
@@@ mem[32488] = 0000000000000002 : 2
@@@ mem[32496] = 0000000000000118 : 280
@@@ mem[32504] = 0000000000007f48 : 32584
@@@ mem[32512] = 000000000000000d : 13
@@@ mem[32520] = 000000144c3b2800 : 87178291200
@@@ mem[32528] = 000000017328cc00 : 6227020800
@@@ mem[32536] = 000000000000000d : 13
@@@ mem[32544] = 0000000000000001 : 1
@@@ mem[32552] = 0000000000000001 : 1
@@@
@@@ mem[32568] = 0000000000000002 : 2
@@@ mem[32576] = 0000000000000294 : 660
@@@ mem[32584] = 0000000000007ff0 : 32752
@@@ mem[32592] = 000000000000000e : 14
@@@ mem[32600] = 000000144c3b2800 : 87178291200
@@@ mem[32608] = 000000000000000e : 14
@@@ mem[32616] = 0000000000000001 : 1
@@@ mem[32624] = 000000000000c078 : 49272
@@@ mem[32632] = 0000000000000070 : 112
@@@
@@@ mem[32648] = 000000000000000f : 15
@@@ mem[32656] = 000000000000000e : 14
@@@ mem[32664] = 0000000000000001 : 1
@@@
@@@ mem[32680] = 000000000000000f : 15
@@@ mem[32688] = 0000000000000001 : 1
@@@ mem[32696] = 000000000000c008 : 49160
@@@ mem[32704] = 000000000000c000 : 49152
@@@ mem[32712] = 0000000000000010 : 16
@@@
@@@ mem[32728] = 000000000000000f : 15
@@@ mem[32736] = 0000000000000010 : 16
@@@ mem[32744] = 0000000000000098 : 152
@@@
@@@ mem[48896] = 000000000000ffff : 65535
@@@
@@@ mem[49152] = 000000000000000f : 15
@@@ mem[49160] = 0000000000000001 : 1
@@@ mem[49168] = 0000000000000001 : 1
@@@ mem[49176] = 0000000000000002 : 2
@@@ mem[49184] = 0000000000000006 : 6
@@@ mem[49192] = 0000000000000018 : 24
@@@ mem[49200] = 0000000000000078 : 120
@@@ mem[49208] = 00000000000002d0 : 720
@@@ mem[49216] = 00000000000013b0 : 5040
@@@ mem[49224] = 0000000000009d80 : 40320
@@@ mem[49232] = 0000000000058980 : 362880
@@@ mem[49240] = 0000000000375f00 : 3628800
@@@ mem[49248] = 0000000002611500 : 39916800
@@@ mem[49256] = 000000001c8cfc00 : 479001600
@@@ mem[49264] = 000000017328cc00 : 6227020800
@@@ mem[49272] = 000000144c3b2800 : 87178291200
@@@
@@@
@@                799820 : System halted
@@
@@@ System halted on HALT instruction
@@@
@@
@@  7995 cycles / 4453 instrs = 1.795419 CPI
@@
@@  239820.00 ns total time to execute
@@

$finish called from file "testbench/testbench.v", line 257.
$finish at simulation time               800820
           V C S   S i m u l a t i o n   R e p o r t 
Time: 80082000 ps
CPU Time:      0.280 seconds;       Data structure size:   0.2Mb
Tue Dec  5 19:50:56 2017
