Chronologic VCS simulator copyright 1991-2017
Contains Synopsys proprietary information.
Compiler version M-2017.03-SP1_Full64; Runtime version M-2017.03-SP1_Full64;  Dec  5 19:50 2017
@@
@@
@@                     0  Asserting System reset......
@@
@@                     0 : System STILL at reset, can't show anything
@@
@@
@@                   100 : System STILL at reset, can't show anything
@@
@@
@@                   200 : System STILL at reset, can't show anything
@@
@@
@@                   300 : System STILL at reset, can't show anything
@@
@@                   360  Deasserting System reset......
@@
@@
@@@ Unified Memory contents hex on left, decimal on right: 
@@@
@@@ mem[    0] = 21ff000023df7ff0 : 2449676722914689008
@@@ mem[    8] = 239f180023bf2000 : 2566796701503266816
@@@ mem[   16] = b7fcff004b80773c : 13257751779803690812
@@@ mem[   24] = b7fcff10b7fcff08 : 13257751850343268104
@@@ mem[   32] = b7fcff20b7fcff18 : 13257751919062744856
@@@ mem[   40] = b7fcff30b7fcff28 : 13257751987782221608
@@@ mem[   48] = b7fcff40b7fcff38 : 13257752056501698360
@@@ mem[   56] = b7fcff50b7fcff48 : 13257752125221175112
@@@ mem[   64] = b7fcff60b7fcff58 : 13257752193940651864
@@@ mem[   72] = b7fcff70b7fcff68 : 13257752262660128616
@@@ mem[   80] = b7fcff80b7fcff78 : 13257752331379605368
@@@ mem[   88] = b7fcff90b7fcff88 : 13257752400099082120
@@@ mem[   96] = b7fcffa0b7fcff98 : 13257752468818558872
@@@ mem[  104] = b7fcffb0b7fcffa8 : 13257752537538035624
@@@ mem[  112] = b7fcffc0b7fcffb8 : 13257752606257512376
@@@ mem[  120] = b7fcffd0b7fcffc8 : 13257752674976989128
@@@ mem[  128] = b7fcffe0b7fcffd8 : 13257752743696465880
@@@ mem[  136] = b7fcfff0b7fcffe8 : 13257752812415942632
@@@ mem[  144] = d340003fb7fcfff8 : 15222167014182027256
@@@ mem[  152] = 43c2153e00000555 : 4882488302055195989
@@@ mem[  160] = b75e0008b5fe0010 : 13212998394164674576
@@@ mem[  168] = 43cb153e43c2140f : 4885021577982383119
@@@ mem[  176] = b46ffff0207f0001 : 13001892056044339201
@@@ mem[  184] = a44ffff0a42f0008 : 11839963354392100872
@@@ mem[  192] = b46fffe840220da3 : 13001892022215380387
@@@ mem[  200] = e0200007a42fffe8 : 16149908296569978856
@@@ mem[  208] = 47e30400a46f0008 : 5179988397211451400
@@@ mem[  216] = a74ffff847ef041e : 12056136169317925918
@@@ mem[  224] = 6bfa8001a5ef0000 : 7780672050803179520
@@@ mem[  232] = 207f0000c3e00026 : 2341590334542184486
@@@ mem[  240] = a46fffc0b46fffc0 : 11848970347761106880
@@@ mem[  248] = 207f0001b46fffd8 : 2341590338578153432
@@@ mem[  256] = a46fffb8b46fffb8 : 11848970313401368504
@@@ mem[  264] = 207f0002b46fffd0 : 2341590342873120720
@@@ mem[  272] = a46fffb0b46fffb0 : 11848970279041630128
@@@ mem[  280] = a42fffe0b46fffe0 : 11830956086690578400
@@@ mem[  288] = 40220da3a44f0008 : 4621271164123021320
@@@ mem[  296] = a42fffa8b46fffa8 : 11830955846172409768
@@@ mem[  304] = a42fffd8e020000e : 11830956053063794702
@@@ mem[  312] = 40220403a44fffd0 : 4621260581323669456
@@@ mem[  320] = a46fffa0b46fffa0 : 11848970210322153376
@@@ mem[  328] = a46fffd0b46fffc8 : 11848970416480583624
@@@ mem[  336] = a46fffc8b46fffd8 : 11848970382120845272
@@@ mem[  344] = a46fffe0b46fffd0 : 11848970485200060368
@@@ mem[  352] = b46fffe040603403 : 13001891987859715075
@@@ mem[  360] = a46fffc8c3ffffec : 11848970382381940716
@@@ mem[  368] = 47ef041e47e30400 : 5183366224228320256
@@@ mem[  376] = a5ef0000a74ffff8 : 11956775538498994168
@@@ mem[  384] = 47ef041e6bfa8001 : 5183366224833839105
@@@ mem[  392] = a5ef0000a74ffff8 : 11956775538498994168
@@@ mem[  400] = 43c2153e6bfa8001 : 4882488303866773505
@@@ mem[  408] = b75e0008b5fe0010 : 13212998394164674576
@@@ mem[  416] = 43d5153e43c2140f : 4887836327749489679
@@@ mem[  424] = b46fffe0207f000a : 13001891987324862474
@@@ mem[  432] = 403f09a3a42fffe0 : 4629429540399087584
@@@ mem[  440] = a42fffd8b46fffd8 : 11830956052330840024
@@@ mem[  448] = 000decafe0200002 : 3919414820864002
@@@ mem[  456] = a42fffe000000555 : 11830956083663340885
@@@ mem[  464] = b46fffd040203403 : 13001891919136044035
@@@ mem[  472] = a42fffd043c1153e : 11830956016080590142
@@@ mem[  480] = d3400059b43e0008 : 15222167125788327944
@@@ mem[  488] = b46fffc847e00403 : 13001891884906316803
@@@ mem[  496] = a42fffe043c1141e : 11830956084800066590
@@@ mem[  504] = b4230000a46fffc8 : 12980218553770704840
@@@ mem[  512] = 40211403a42fffc8 : 4620996698530906056
@@@ mem[  520] = a46fffc0b46fffc0 : 11848970347761106880
@@@ mem[  528] = 207f0001b46ffff0 : 2341590338578153456
@@@ mem[  536] = a46fffb8b46fffb8 : 11848970313401368504
@@@ mem[  544] = 207f0014b46fffe8 : 2341590420182532072
@@@ mem[  552] = a42fffe8b46fffb0 : 11830956121050316720
@@@ mem[  560] = 402209a3a44fffb0 : 4621266766076575664
@@@ mem[  568] = a42fffa8b46fffa8 : 11830955846172409768
@@@ mem[  576] = 207f0001e020002d : 2341590339311108141
@@@ mem[  584] = a42fffe8b46fffa0 : 11830956121050316704
@@@ mem[  592] = 40220523a44fffa0 : 4621261818274250656
@@@ mem[  600] = a42fff98b46fff98 : 11830955777452933016
@@@ mem[  608] = b46fff90403f09a3 : 13001891644260157859
@@@ mem[  616] = a461fff8a42ffff0 : 11845029938332696560
@@@ mem[  624] = a42fff88b46fff88 : 11830955708733456264
@@@ mem[  632] = 40220da3a44fff98 : 4621271164123086744
@@@ mem[  640] = a42fff90b46fff80 : 11830955743093194624
@@@ mem[  648] = 44220403a44fff80 : 4909490957475381120
@@@ mem[  656] = a42fff78b46fff78 : 11830955640013979512
@@@ mem[  664] = 000decafe0200002 : 3919414820864002
@@@ mem[  672] = a42fff9800000555 : 11830955774425695573
@@@ mem[  680] = b46fff7048207723 : 13001891506953418531
@@@ mem[  688] = a44fff70a42ffff0 : 11839962804636352496
@@@ mem[  696] = b46fff6840220403 : 13001891472459564035
@@@ mem[  704] = a42fffe843c1153e : 11830956119159805246
@@@ mem[  712] = d35fff73b43e0008 : 15231173337200590856
@@@ mem[  720] = b46fff6047e00403 : 13001891438229718019
@@@ mem[  728] = a42fff6043c1141e : 11830955535044252702
@@@ mem[  736] = b4230000a46fff68 : 12980218553770704744
@@@ mem[  744] = 40603403a46fffe8 : 4638764806439960552
@@@ mem[  752] = c3ffffcbb46fffe8 : 14123288206827847656
@@@ mem[  760] = a461fff8a42ffff0 : 11845029938332696560
@@@ mem[  768] = a46fff58b46fff58 : 11848969901084507992
@@@ mem[  776] = b46fff5840603403 : 13001891403744162819
@@@ mem[  784] = 40211523a42ffff0 : 4620997935481487344
@@@ mem[  792] = 43c1153eb46fff50 : 4882206830105722704
@@@ mem[  800] = b43e0008a42fff50 : 12987818412497436496
@@@ mem[  808] = a42fff5843c1153e : 11830955500684514622
@@@ mem[  816] = d3400057b43e0008 : 15222167117198393352
@@@ mem[  824] = 47ef041e43c2141e : 5183366224159052830
@@@ mem[  832] = a5ef0000a74ffff8 : 11956775538498994168
@@@ mem[  840] = a61e00086bfa8001 : 11970004895768674305
@@@ mem[  848] = 4384053b209f0100 : 4865019248975479040
@@@ mem[  856] = 4b60773847f00401 : 5431472234217604097
@@@ mem[  864] = 437c03a347ff0419 : 4862765697475740697
@@@ mem[  872] = a45b0000e0600048 : 11843059648865239112
@@@ mem[  880] = f060000b402813a3 : 17320844215187936163
@@@ mem[  888] = 209fffffe8400007 : 2350879005088940039
@@@ mem[  896] = e460000b44440003 : 16456153086801739779
@@@ mem[  904] = 4300341848803724 : 4827916079441393444
@@@ mem[  912] = f73ffffa4707f019 : 17816240101299580953
@@@ mem[  920] = 4b60773b4b00d69b : 5431472247153940123
@@@ mem[  928] = 209f0001c3fffff0 : 2350597538093989872
@@@ mem[  936] = 4080352448810724 : 4647773245397862180
@@@ mem[  944] = 40281521c3fffff3 : 4622968252262252531
@@@ mem[  952] = fc20000340390401 : 18167520910774961153
@@@ mem[  960] = b45b000044440402 : 12995981150853006338
@@@ mem[  968] = 4b00d69bc3e0002b : 5404555517339107371
@@@ mem[  976] = 402813a34b60773b : 4622966609561024315
@@@ mem[  984] = 4361141bf0600007 : 4855183983511601159
@@@ mem[  992] = e0600029437c03a3 : 16167922839485940643
@@@ mem[ 1000] = f45fffdaa45b0000 : 17609074382567309312
@@@ mem[ 1008] = c3fffff740281521 : 14123288393855538465
@@@ mem[ 1016] = 4361141be420000c : 4855183983306080268
@@@ mem[ 1024] = e0600021437c03a3 : 16167922805126202275
@@@ mem[ 1032] = 209f0001a45b0000 : 2350597537563082752
@@@ mem[ 1040] = 4080352448810724 : 4647773245397862180
@@@ mem[ 1048] = f47fffce44440003 : 17618081528670322691
@@@ mem[ 1056] = b45b000044440402 : 12995981150853006338
@@@ mem[ 1064] = 4b00d69b42010530 : 5404555515160233264
@@@ mem[ 1072] = a45b00004b60773b : 11843059646365464379
@@@ mem[ 1080] = 48990724209fffff : 5231220293915115519
@@@ mem[ 1088] = b45b000044440402 : 12995981150853006338
@@@ mem[ 1096] = 4219041042081530 : 4762842548794823984
@@@ mem[ 1104] = 420813a3209fffff : 4758074597664882687
@@@ mem[ 1112] = 4361141bf0600004 : 4855183983511601156
@@@ mem[ 1120] = 42081530b49b0000 : 4758076305249599488
@@@ mem[ 1128] = e6000002c3fffffa : 16573246640601694202
@@@ mem[ 1136] = 00000555000decaf : 5862631271599
@@@ mem[ 1144] = 4801b720201f002f : 5188629594313261103
@@@ mem[ 1152] = 4800772043000520 : 5188277751177544992
@@@ mem[ 1160] = 000decaf6bfa8001 : 3919412872249345
@@@ mem[ 1168] = a61e000800000555 : 11970004893957096789
@@@ mem[ 1176] = 423c03a3a63e0010 : 4772693706509516816
@@@ mem[ 1184] = 000decafe0600002 : 3919414825058306
@@@ mem[ 1192] = 4a20769800000555 : 5341399553268516181
@@@ mem[ 1200] = 4881b724209f002f : 5224658408520482863
@@@ mem[ 1208] = 4b00d69b43040418 : 5404555515177206808
@@@ mem[ 1216] = 4707f0194b60773b : 5118323492959319867
@@@ mem[ 1224] = 437c03a3e7200018 : 4862765700145479704
@@@ mem[ 1232] = 000decaff0600002 : 3919415093493762
@@@ mem[ 1240] = a45b000000000555 : 11843059645100852565
@@@ mem[ 1248] = 408813a342190404 : 4649988207169569796
@@@ mem[ 1256] = 209f0001f0600009 : 2350597538838478857
@@@ mem[ 1264] = 4080352448990724 : 4647773245399435044
@@@ mem[ 1272] = b45b000044440002 : 12995981150853005314
@@@ mem[ 1280] = 4219041042081530 : 4762842548794823984
@@@ mem[ 1288] = c3e000074361141b : 14114281263374341147
@@@ mem[ 1296] = 48900724209f0001 : 5228687019124654081
@@@ mem[ 1304] = 4899072440803524 : 5231220294449902884
@@@ mem[ 1312] = b45b000044440102 : 12995981150853005570
@@@ mem[ 1320] = 420813a36bfa8001 : 4758074598929104897
@@@ mem[ 1328] = 4361141bf0600008 : 4855183983511601160
@@@ mem[ 1336] = f0600002437c03a3 : 17320844176589063075
@@@ mem[ 1344] = 00000555000decaf : 5862631271599
@@@ mem[ 1352] = 42081530b7fb0000 : 4758076305306222592
@@@ mem[ 1360] = e600000ac3fffff6 : 16573246674961432566
@@@ mem[ 1368] = f0600002437c03a3 : 17320844176589063075
@@@ mem[ 1376] = 00000555000decaf : 5862631271599
@@@ mem[ 1384] = 209f0001a45b0000 : 2350597537563082752
@@@ mem[ 1392] = 4080352448900724 : 4647773245398845220
@@@ mem[ 1400] = b45b000044440102 : 12995981150853005570
@@@ mem[ 1408] = 000000006bfa8001 : 1811578881
@@@
@@@ mem[32464] = 0000000000000037 : 55
@@@
@@@ mem[32480] = 0000000000000002 : 2
@@@ mem[32488] = 0000000000000001 : 1
@@@
@@@ mem[32504] = 0000000000000037 : 55
@@@ mem[32512] = 0000000000000037 : 55
@@@ mem[32520] = 0000000000000022 : 34
@@@ mem[32528] = 000000000000000b : 11
@@@
@@@ mem[32544] = 0000000000000001 : 1
@@@ mem[32552] = 00000000000002d0 : 720
@@@ mem[32560] = 0000000000007ff0 : 32752
@@@ mem[32568] = 000000000000000a : 10
@@@
@@@ mem[32592] = 0000000000000037 : 55
@@@ mem[32600] = 000000000000c050 : 49232
@@@ mem[32608] = 0000000000000048 : 72
@@@ mem[32616] = 0000000000000001 : 1
@@@ mem[32624] = 0000000000000001 : 1
@@@ mem[32632] = 000000000000000a : 10
@@@
@@@ mem[32648] = 000000000000000a : 10
@@@ mem[32656] = 0000000000000001 : 1
@@@ mem[32664] = 0000000000000001 : 1
@@@ mem[32672] = 0000000000000014 : 20
@@@ mem[32680] = 0000000000000001 : 1
@@@ mem[32688] = 000000000000c008 : 49160
@@@ mem[32696] = 000000000000c000 : 49152
@@@ mem[32704] = 000000000000000b : 11
@@@
@@@ mem[32720] = 000000000000000a : 10
@@@ mem[32728] = 000000000000000b : 11
@@@ mem[32736] = 000000000000c008 : 49160
@@@ mem[32744] = 0000000000000098 : 152
@@@
@@@ mem[48896] = 00000000000007ff : 2047
@@@
@@@ mem[49152] = 000000000000000a : 10
@@@ mem[49160] = 0000000000000001 : 1
@@@ mem[49168] = 0000000000000001 : 1
@@@ mem[49176] = 0000000000000002 : 2
@@@ mem[49184] = 0000000000000003 : 3
@@@ mem[49192] = 0000000000000005 : 5
@@@ mem[49200] = 0000000000000008 : 8
@@@ mem[49208] = 000000000000000d : 13
@@@ mem[49216] = 0000000000000015 : 21
@@@ mem[49224] = 0000000000000022 : 34
@@@ mem[49232] = 0000000000000037 : 55
@@@
@@@
@@                361820 : System halted
@@
@@@ System halted on illegal instruction
@@@
@@
@@  3615 cycles / 1892 instrs = 1.910677 CPI
@@
@@  108420.00 ns total time to execute
@@

$finish called from file "testbench/testbench.v", line 257.
$finish at simulation time               362820
           V C S   S i m u l a t i o n   R e p o r t 
Time: 36282000 ps
CPU Time:      0.220 seconds;       Data structure size:   0.2Mb
Tue Dec  5 19:50:57 2017
