Chronologic VCS simulator copyright 1991-2016
Contains Synopsys proprietary information.
Compiler version L-2016.06_Full64; Runtime version L-2016.06_Full64;  Feb  3 17:01 2017
@@
@@
@@                     0  Asserting System reset......
@@
@@                     0 : System STILL at reset, can't show anything
@@
@@
@@                   100 : System STILL at reset, can't show anything
@@
@@
@@                   200 : System STILL at reset, can't show anything
@@
@@
@@                   300 : System STILL at reset, can't show anything
@@
@@                   360  Deasserting System reset......
@@
@@
@@@ Unified Memory contents hex on left, decimal on right: 
@@@
@@@ mem[    0] = 207f1000205f0000 : 2341607923985088512
@@@ mem[    8] = 4042040840420405 : 4630267800374608901
@@@ mem[   16] = 4042040440420407 : 4630267783194739719
@@@ mem[   24] = 40e8040940850406 : 4676992650807936006
@@@ mem[   32] = b543000040c9040a : 13061283345391485962
@@@ mem[   40] = 4040340240611403 : 4629757601211552771
@@@ mem[   48] = f43ffff44041fda1 : 17600067293302357409
@@@ mem[   56] = 0000000000000555 : 1365
@@@
@@@ mem[ 4104] = 0000000000000008 : 8
@@@ mem[ 4112] = 0000000000000010 : 16
@@@ mem[ 4120] = 0000000000000018 : 24
@@@ mem[ 4128] = 0000000000000020 : 32
@@@ mem[ 4136] = 0000000000000028 : 40
@@@ mem[ 4144] = 0000000000000030 : 48
@@@ mem[ 4152] = 0000000000000038 : 56
@@@ mem[ 4160] = 0000000000000040 : 64
@@@ mem[ 4168] = 0000000000000048 : 72
@@@ mem[ 4176] = 0000000000000050 : 80
@@@ mem[ 4184] = 0000000000000058 : 88
@@@ mem[ 4192] = 0000000000000060 : 96
@@@ mem[ 4200] = 0000000000000068 : 104
@@@ mem[ 4208] = 0000000000000070 : 112
@@@ mem[ 4216] = 0000000000000078 : 120
@@@
@@@
@@                 26320 : System halted
@@
@@@ System halted on HALT instruction
@@@
@@
@@  260 cycles / 194 instrs = 1.340206 CPI
@@
@@  7770.00 ns total time to execute
@@

$finish called from file "testbench/testbench.v", line 257.
$finish at simulation time                27320
           V C S   S i m u l a t i o n   R e p o r t 
Time: 2732000 ps
CPU Time:      0.220 seconds;       Data structure size:   0.2Mb
Fri Feb  3 17:01:51 2017
